[0.061s] Invoking command in '/home/t-pi/turtlebot3_ws/src/build/turtlebot3_node': CMAKE_PREFIX_PATH=${CMAKE_PREFIX_PATH}:/home/t-pi/turtlebot3_ws/install/turtlebot3_teleop:/home/t-pi/turtlebot3_ws/install/turtlebot3_example:/opt/ros/humble /usr/bin/cmake /home/t-pi/turtlebot3_ws/src/turtlebot3/turtlebot3_node -DAMENT_CMAKE_SYMLINK_INSTALL=1 -DCMAKE_INSTALL_PREFIX=/home/t-pi/turtlebot3_ws/src/install/turtlebot3_node
[0.344s] -- The C compiler identification is GNU 11.3.0
[0.616s] -- The CXX compiler identification is GNU 11.3.0
[0.649s] -- Detecting C compiler ABI info
[0.981s] -- Detecting C compiler ABI info - done
[1.011s] -- Check for working C compiler: /usr/bin/cc - skipped
[1.012s] -- Detecting C compile features
[1.014s] -- Detecting C compile features - done
[1.027s] -- Detecting CXX compiler ABI info
[1.408s] -- Detecting CXX compiler ABI info - done
[1.440s] -- Check for working CXX compiler: /usr/bin/c++ - skipped
[1.442s] -- Detecting CXX compile features
[1.443s] -- Detecting CXX compile features - done
[1.474s] -- Found ament_cmake: 1.3.5 (/opt/ros/humble/share/ament_cmake/cmake)
[2.394s] -- Found Python3: /usr/bin/python3.10 (found version "3.10.6") found components: Interpreter 
[2.696s] -- Override CMake install command with custom implementation using symlinks instead of copying resources
[3.049s] -- Found dynamixel_sdk: 3.7.60 (/opt/ros/humble/share/dynamixel_sdk/cmake)
[3.079s] -- Found geometry_msgs: 4.2.3 (/opt/ros/humble/share/geometry_msgs/cmake)
[3.421s] -- Found rosidl_generator_c: 3.1.4 (/opt/ros/humble/share/rosidl_generator_c/cmake)
[3.476s] -- Found rosidl_adapter: 3.1.4 (/opt/ros/humble/share/rosidl_adapter/cmake)
[3.548s] -- Found rosidl_generator_cpp: 3.1.4 (/opt/ros/humble/share/rosidl_generator_cpp/cmake)
[3.644s] -- Using all available rosidl_typesupport_c: rosidl_typesupport_fastrtps_c;rosidl_typesupport_introspection_c
[3.785s] -- Using all available rosidl_typesupport_cpp: rosidl_typesupport_fastrtps_cpp;rosidl_typesupport_introspection_cpp
[4.366s] -- Found message_filters: 4.3.3 (/opt/ros/humble/share/message_filters/cmake)
[4.821s] -- Found rmw_implementation_cmake: 6.1.1 (/opt/ros/humble/share/rmw_implementation_cmake/cmake)
[4.851s] -- Found rmw_fastrtps_cpp: 6.2.2 (/opt/ros/humble/share/rmw_fastrtps_cpp/cmake)
[5.424s] -- Found OpenSSL: /usr/lib/aarch64-linux-gnu/libcrypto.so (found version "3.0.2")  
[5.563s] -- Found FastRTPS: /opt/ros/humble/include  
[5.823s] -- Using RMW implementation 'rmw_fastrtps_cpp' as default
[5.916s] -- Looking for pthread.h
[6.264s] -- Looking for pthread.h - found
[6.265s] -- Performing Test CMAKE_HAVE_LIBC_PTHREAD
[6.611s] -- Performing Test CMAKE_HAVE_LIBC_PTHREAD - Success
[6.616s] -- Found Threads: TRUE  
[7.291s] -- Found nav_msgs: 4.2.3 (/opt/ros/humble/share/nav_msgs/cmake)
[7.677s] -- Found sensor_msgs: 4.2.3 (/opt/ros/humble/share/sensor_msgs/cmake)
[8.064s] -- Found std_srvs: 4.2.3 (/opt/ros/humble/share/std_srvs/cmake)
[8.165s] -- Found tf2: 0.25.2 (/opt/ros/humble/share/tf2/cmake)
[8.268s] -- Found tf2_ros: 0.25.2 (/opt/ros/humble/share/tf2_ros/cmake)
[9.874s] -- Found turtlebot3_msgs: 2.2.3 (/opt/ros/humble/share/turtlebot3_msgs/cmake)
[10.585s] -- Configuring done
[10.698s] -- Generating done
[10.707s] -- Build files have been written to: /home/t-pi/turtlebot3_ws/src/build/turtlebot3_node
[10.742s] Invoked command in '/home/t-pi/turtlebot3_ws/src/build/turtlebot3_node' returned '0': CMAKE_PREFIX_PATH=${CMAKE_PREFIX_PATH}:/home/t-pi/turtlebot3_ws/install/turtlebot3_teleop:/home/t-pi/turtlebot3_ws/install/turtlebot3_example:/opt/ros/humble /usr/bin/cmake /home/t-pi/turtlebot3_ws/src/turtlebot3/turtlebot3_node -DAMENT_CMAKE_SYMLINK_INSTALL=1 -DCMAKE_INSTALL_PREFIX=/home/t-pi/turtlebot3_ws/src/install/turtlebot3_node
[10.752s] Invoking command in '/home/t-pi/turtlebot3_ws/src/build/turtlebot3_node': CMAKE_PREFIX_PATH=${CMAKE_PREFIX_PATH}:/home/t-pi/turtlebot3_ws/install/turtlebot3_teleop:/home/t-pi/turtlebot3_ws/install/turtlebot3_example:/opt/ros/humble /usr/bin/cmake --build /home/t-pi/turtlebot3_ws/src/build/turtlebot3_node -- -j4 -l4
[10.982s] [  7%] [32mBuilding CXX object CMakeFiles/turtlebot3_node_lib.dir/src/devices/motor_power.cpp.o[0m
[10.985s] [ 14%] [32mBuilding CXX object CMakeFiles/turtlebot3_node_lib.dir/src/devices/sound.cpp.o[0m
[10.986s] [ 21%] [32mBuilding CXX object CMakeFiles/turtlebot3_node_lib.dir/src/devices/reset.cpp.o[0m
[10.992s] [ 28%] [32mBuilding CXX object CMakeFiles/turtlebot3_node_lib.dir/src/diff_drive_controller.cpp.o[0m
[30.769s] [ 35%] [32mBuilding CXX object CMakeFiles/turtlebot3_node_lib.dir/src/dynamixel_sdk_wrapper.cpp.o[0m
[33.443s] [ 42%] [32mBuilding CXX object CMakeFiles/turtlebot3_node_lib.dir/src/odometry.cpp.o[0m
[33.568s] [ 50%] [32mBuilding CXX object CMakeFiles/turtlebot3_node_lib.dir/src/turtlebot3.cpp.o[0m
[33.691s] [ 57%] [32mBuilding CXX object CMakeFiles/turtlebot3_node_lib.dir/src/sensors/battery_state.cpp.o[0m
[34.689s] [ 64%] [32mBuilding CXX object CMakeFiles/turtlebot3_node_lib.dir/src/sensors/imu.cpp.o[0m
[60.095s] [ 71%] [32mBuilding CXX object CMakeFiles/turtlebot3_node_lib.dir/src/sensors/joint_state.cpp.o[0m
[63.570s] [ 78%] [32mBuilding CXX object CMakeFiles/turtlebot3_node_lib.dir/src/sensors/sensor_state.cpp.o[0m
[80.350s] [01m[K/home/t-pi/turtlebot3_ws/src/turtlebot3/turtlebot3_node/src/sensors/sensor_state.cpp:[m[K In function â€˜[01m[Kfloat get_rpi_temp()[m[Kâ€™:
[80.351s] [01m[K/home/t-pi/turtlebot3_ws/src/turtlebot3/turtlebot3_node/src/sensors/sensor_state.cpp:32:31:[m[K [01;35m[Kwarning: [m[Kformat â€˜[01m[K%lf[m[Kâ€™ expects argument of type â€˜[01m[Kdouble*[m[Kâ€™, but argument 3 has type â€˜[01m[Kfloat*[m[Kâ€™ [[01;35m[K]8;;https://gcc.gnu.org/onlinedocs/gcc/Warning-Options.html#index-Wformat=-Wformat=]8;;[m[K]
[80.353s]    32 |   fscanf (temperatureFile, "[01;35m[K%lf[m[K", [32m[K&T[m[K);
[80.354s]       |                             [01;35m[K~~^[m[K   [32m[K~~[m[K
[80.355s]       |                               [01;35m[K|[m[K   [32m[K|[m[K
[80.357s]       |                               [01;35m[K|[m[K   [32m[Kfloat*[m[K
[80.358s]       |                               [01;35m[Kdouble*[m[K
[80.360s]       |                             [32m[K%f[m[K
[80.434s] [01m[K/home/t-pi/turtlebot3_ws/src/turtlebot3/turtlebot3_node/src/sensors/sensor_state.cpp:[m[K In member function â€˜[01m[Kvirtual void robotis::turtlebot3::sensors::SensorState::publish(const rclcpp::Time&, std::shared_ptr<robotis::turtlebot3::DynamixelSDKWrapper>&)[m[Kâ€™:
[80.436s] [01m[K/home/t-pi/turtlebot3_ws/src/turtlebot3/turtlebot3_node/src/sensors/sensor_state.cpp:128:8:[m[K [01;31m[Kerror: [m[Kâ€˜[01m[Kstruct turtlebot3_msgs::msg::SensorState_<std::allocator<void> >[m[Kâ€™ has no member named â€˜[01m[Krpi_temp[m[Kâ€™
[80.437s]   128 |   msg->[01;31m[Krpi_temp[m[K = get_rpi_temp(); // TZ added 09/07/2023
[80.439s]       |        [01;31m[K^~~~~~~~[m[K
[86.134s] gmake[2]: *** [CMakeFiles/turtlebot3_node_lib.dir/build.make:216: CMakeFiles/turtlebot3_node_lib.dir/src/sensors/sensor_state.cpp.o] Error 1
[86.135s] gmake[2]: *** Waiting for unfinished jobs....
[113.301s] gmake[1]: *** [CMakeFiles/Makefile2:139: CMakeFiles/turtlebot3_node_lib.dir/all] Error 2
[113.302s] gmake: *** [Makefile:146: all] Error 2
[113.308s] Invoked command in '/home/t-pi/turtlebot3_ws/src/build/turtlebot3_node' returned '2': CMAKE_PREFIX_PATH=${CMAKE_PREFIX_PATH}:/home/t-pi/turtlebot3_ws/install/turtlebot3_teleop:/home/t-pi/turtlebot3_ws/install/turtlebot3_example:/opt/ros/humble /usr/bin/cmake --build /home/t-pi/turtlebot3_ws/src/build/turtlebot3_node -- -j4 -l4
